-------------------------------------------------------------------------------
Test set: petclinictutorial.PetClinicTutorialApplicationTests
-------------------------------------------------------------------------------
Tests run: 1, Failures: 0, Errors: 1, Skipped: 0, Time elapsed: 0.277 s <<< FAILURE! - in petclinictutorial.PetClinicTutorialApplicationTests
petclinictutorial.PetClinicTutorialApplicationTests  Time elapsed: 0.275 s  <<< ERROR!
java.lang.IllegalStateException: Unable to find a @SpringBootConfiguration, you need to use @ContextConfiguration or @SpringBootTest(classes=...) with your test

